0 info it worked if it ends with ok
1 verbose cli [ '/usr/local/Cellar/node/0.10.24/bin/node',
1 verbose cli   '/usr/local/bin/npm',
1 verbose cli   'install',
1 verbose cli   'backbone.ui.modal',
1 verbose cli   '--save' ]
2 info using npm@1.3.21
3 info using node@v0.10.24
4 warn package.json ch_2_demo@0.0.0 No description
5 warn package.json ch_2_demo@0.0.0 No repository field.
6 warn package.json ch_2_demo@0.0.0 No README data
7 warn package.json http@0.0.0 http is also the name of a node core module.
8 warn package.json http@0.0.0 No description
9 warn package.json http@0.0.0 No repository field.
10 verbose readDependencies using package.json deps
11 verbose cache add [ 'backbone.ui.modal', null ]
12 verbose cache add name=undefined spec="backbone.ui.modal" args=["backbone.ui.modal",null]
13 verbose parsed url { protocol: null,
13 verbose parsed url   slashes: null,
13 verbose parsed url   auth: null,
13 verbose parsed url   host: null,
13 verbose parsed url   port: null,
13 verbose parsed url   hostname: null,
13 verbose parsed url   hash: null,
13 verbose parsed url   search: null,
13 verbose parsed url   query: null,
13 verbose parsed url   pathname: 'backbone.ui.modal',
13 verbose parsed url   path: 'backbone.ui.modal',
13 verbose parsed url   href: 'backbone.ui.modal' }
14 silly lockFile 6d07ce50-backbone-ui-modal backbone.ui.modal
15 verbose lock backbone.ui.modal /Users/pmu/.npm/6d07ce50-backbone-ui-modal.lock
16 silly lockFile 6d07ce50-backbone-ui-modal backbone.ui.modal
17 silly lockFile 6d07ce50-backbone-ui-modal backbone.ui.modal
18 verbose addNamed [ 'backbone.ui.modal', '' ]
19 verbose addNamed [ null, '*' ]
20 silly lockFile 4f98064f-backbone-ui-modal backbone.ui.modal@
21 verbose lock backbone.ui.modal@ /Users/pmu/.npm/4f98064f-backbone-ui-modal.lock
22 silly addNameRange { name: 'backbone.ui.modal', range: '*', hasData: false }
23 verbose url raw backbone.ui.modal
24 verbose url resolving [ 'https://registry.npmjs.org/', './backbone.ui.modal' ]
25 verbose url resolved https://registry.npmjs.org/backbone.ui.modal
26 info trying registry request attempt 1 at 19:34:44
27 http GET https://registry.npmjs.org/backbone.ui.modal
28 http 404 https://registry.npmjs.org/backbone.ui.modal
29 silly registry.get cb [ 404,
29 silly registry.get   { date: 'Thu, 17 Apr 2014 17:34:44 GMT',
29 silly registry.get     server: 'CouchDB/1.5.0 (Erlang OTP/R14B04)',
29 silly registry.get     'content-type': 'application/json',
29 silly registry.get     via: '1.1 varnish',
29 silly registry.get     'cache-control': 'max-age=0',
29 silly registry.get     'content-length': '52',
29 silly registry.get     'accept-ranges': 'bytes',
29 silly registry.get     age: '0',
29 silly registry.get     'x-served-by': 'cache-v43-ASH, cache-fra1223-FRA',
29 silly registry.get     'x-cache': 'MISS, MISS',
29 silly registry.get     'x-cache-hits': '0, 0',
29 silly registry.get     'x-timer': 'S1397756083.837283611,VS0,VS48,VE132,VE185',
29 silly registry.get     'keep-alive': 'timeout=10, max=50',
29 silly registry.get     connection: 'Keep-Alive' } ]
30 silly lockFile 4f98064f-backbone-ui-modal backbone.ui.modal@
31 silly lockFile 4f98064f-backbone-ui-modal backbone.ui.modal@
32 error 404 'backbone.ui.modal' is not in the npm registry.
32 error 404 You should bug the author to publish it
32 error 404
32 error 404 Note that you can also install from a
32 error 404 tarball, folder, or http url, or git url.
33 error System Darwin 11.4.2
34 error command "/usr/local/Cellar/node/0.10.24/bin/node" "/usr/local/bin/npm" "install" "backbone.ui.modal" "--save"
35 error cwd /Users/pmu/projects/backbone/gh/ch_9/basic_auth
36 error node -v v0.10.24
37 error npm -v 1.3.21
38 error code E404
39 verbose exit [ 1, true ]
